<?xml version="1.0" encoding="UTF-8"?>
<testsuite xmlns:xsi="http://www.w3.org/2001/XMLSchema-instance" xsi:noNamespaceSchemaLocation="https://maven.apache.org/surefire/maven-surefire-plugin/xsd/surefire-test-report-3.0.xsd" version="3.0" name="org.dyanyog.controller.LoginControllerTest" time="7.717" tests="2" errors="0" skipped="0" failures="0">
  <properties>
[...]
</properties>
  <testcase name="verifyingLoginrequestWithIncorrectPassword" classname="org.dyanyog.controller.LoginControllerTest" time="1.044">
    <system-out><![CDATA[
  .   ____          _            __ _ _
 /\\ / ___'_ __ _ _(_)_ __  __ _ \ \ \ \
( ( )\___ | '_ | '_| | '_ \/ _` | \ \ \ \
 \\/  ___)| |_)| | | | | || (_| |  ) ) ) )
  '  |____| .__|_| |_|_| |_\__, | / / / /
 =========|_|==============|___/=/_/_/_/
 :: Spring Boot ::                (v3.2.0)

2024-08-11T11:14:58.488+05:30  INFO 7420 --- [           main] o.d.controller.LoginControllerTest       : Starting LoginControllerTest using Java 17.0.8 with PID 7420 (started by onkar in C:\Users\onkar\eclipse-workspace\ecommerce-api)
2024-08-11T11:14:58.494+05:30  INFO 7420 --- [           main] o.d.controller.LoginControllerTest       : No active profile set, falling back to 1 default profile: "default"
2024-08-11T11:14:59.766+05:30  INFO 7420 --- [           main] .s.d.r.c.RepositoryConfigurationDelegate : Bootstrapping Spring Data JPA repositories in DEFAULT mode.
2024-08-11T11:14:59.849+05:30  INFO 7420 --- [           main] .s.d.r.c.RepositoryConfigurationDelegate : Finished Spring Data repository scanning in 69 ms. Found 2 JPA repository interfaces.
2024-08-11T11:15:00.503+05:30  INFO 7420 --- [           main] o.hibernate.jpa.internal.util.LogHelper  : HHH000204: Processing PersistenceUnitInfo [name: default]
2024-08-11T11:15:00.616+05:30  INFO 7420 --- [           main] org.hibernate.Version                    : HHH000412: Hibernate ORM core version 6.3.1.Final
2024-08-11T11:15:00.697+05:30  INFO 7420 --- [           main] o.h.c.internal.RegionFactoryInitiator    : HHH000026: Second-level cache disabled
2024-08-11T11:15:01.095+05:30  INFO 7420 --- [           main] o.s.o.j.p.SpringPersistenceUnitInfo      : No LoadTimeWeaver setup: ignoring JPA class transformer
2024-08-11T11:15:01.149+05:30  INFO 7420 --- [           main] com.zaxxer.hikari.HikariDataSource       : HikariPool-1 - Starting...
2024-08-11T11:15:01.155+05:30  WARN 7420 --- [           main] c.zaxxer.hikari.util.DriverDataSource    : Registered driver with driverClassName=com.mysql.jdbc.Driver was not found, trying direct instantiation.
2024-08-11T11:15:01.408+05:30  INFO 7420 --- [           main] com.zaxxer.hikari.pool.HikariPool        : HikariPool-1 - Added connection com.mysql.cj.jdbc.ConnectionImpl@56da96b3
2024-08-11T11:15:01.411+05:30  INFO 7420 --- [           main] com.zaxxer.hikari.HikariDataSource       : HikariPool-1 - Start completed.
2024-08-11T11:15:02.521+05:30  INFO 7420 --- [           main] o.h.e.t.j.p.i.JtaPlatformInitiator       : HHH000489: No JTA platform available (set 'hibernate.transaction.jta.platform' to enable JTA platform integration)
2024-08-11T11:15:02.579+05:30  INFO 7420 --- [           main] j.LocalContainerEntityManagerFactoryBean : Initialized JPA EntityManagerFactory for persistence unit 'default'
2024-08-11T11:15:03.299+05:30  WARN 7420 --- [           main] JpaBaseConfiguration$JpaWebConfiguration : spring.jpa.open-in-view is enabled by default. Therefore, database queries may be performed during view rendering. Explicitly configure spring.jpa.open-in-view to disable this warning
2024-08-11T11:15:03.901+05:30  INFO 7420 --- [           main] o.s.b.t.m.w.SpringBootMockServletContext : Initializing Spring TestDispatcherServlet ''
2024-08-11T11:15:03.902+05:30  INFO 7420 --- [           main] o.s.t.web.servlet.TestDispatcherServlet  : Initializing Servlet ''
2024-08-11T11:15:03.905+05:30  INFO 7420 --- [           main] o.s.t.web.servlet.TestDispatcherServlet  : Completed initialization in 1 ms
2024-08-11T11:15:03.933+05:30  INFO 7420 --- [           main] o.d.controller.LoginControllerTest       : Started LoginControllerTest in 5.916 seconds (process running for 7.56)
Hibernate: 
    select
        u1_0.user_id,
        u1_0.age,
        u1_0.email,
        u1_0.firstname,
        u1_0.gender,
        u1_0.lastname,
        u1_0.login_name,
        u1_0.password 
    from
        users u1_0 
    where
        u1_0.login_name=?
]]></system-out>
    <system-err><![CDATA[Loading class `com.mysql.jdbc.Driver'. This is deprecated. The new driver class is `com.mysql.cj.jdbc.Driver'. The driver is automatically registered via the SPI and manual loading of the driver class is generally unnecessary.
]]></system-err>
  </testcase>
  <testcase name="verifyingLoginSuccessResponse" classname="org.dyanyog.controller.LoginControllerTest" time="0.029">
    <system-out><![CDATA[Hibernate: 
    select
        u1_0.user_id,
        u1_0.age,
        u1_0.email,
        u1_0.firstname,
        u1_0.gender,
        u1_0.lastname,
        u1_0.login_name,
        u1_0.password 
    from
        users u1_0 
    where
        u1_0.login_name=?
]]></system-out>
  </testcase>
</testsuite>